Determining if the pthread_create exist failed with the following output:
Change Dir: /home/erle/ros2_ws/build/rttest/CMakeFiles/CMakeTmp

Run Build Command:"/usr/bin/make" "cmTryCompileExec1601902357/fast"
/usr/bin/make -f CMakeFiles/cmTryCompileExec1601902357.dir/build.make CMakeFiles/cmTryCompileExec1601902357.dir/build
make[1]: Entering directory '/home/erle/ros2_ws/build/rttest/CMakeFiles/CMakeTmp'
/usr/bin/cmake -E cmake_progress_report /home/erle/ros2_ws/build/rttest/CMakeFiles/CMakeTmp/CMakeFiles 1
Building C object CMakeFiles/cmTryCompileExec1601902357.dir/CheckSymbolExists.c.o
/usr/bin/cc    -o CMakeFiles/cmTryCompileExec1601902357.dir/CheckSymbolExists.c.o   -c /home/erle/ros2_ws/build/rttest/CMakeFiles/CMakeTmp/CheckSymbolExists.c
Linking C executable cmTryCompileExec1601902357
/usr/bin/cmake -E cmake_link_script CMakeFiles/cmTryCompileExec1601902357.dir/link.txt --verbose=1
/usr/bin/cc       CMakeFiles/cmTryCompileExec1601902357.dir/CheckSymbolExists.c.o  -o cmTryCompileExec1601902357 -rdynamic 
CMakeFiles/cmTryCompileExec1601902357.dir/CheckSymbolExists.c.o: In function `main':
CheckSymbolExists.c:(.text+0x38): undefined reference to `pthread_create'
collect2: error: ld returned 1 exit status
CMakeFiles/cmTryCompileExec1601902357.dir/build.make:88: recipe for target 'cmTryCompileExec1601902357' failed
make[1]: Leaving directory '/home/erle/ros2_ws/build/rttest/CMakeFiles/CMakeTmp'
make[1]: *** [cmTryCompileExec1601902357] Error 1
Makefile:118: recipe for target 'cmTryCompileExec1601902357/fast' failed
make: *** [cmTryCompileExec1601902357/fast] Error 2

File /home/erle/ros2_ws/build/rttest/CMakeFiles/CMakeTmp/CheckSymbolExists.c:
/* */
#include <pthread.h>

int main(int argc, char** argv)
{
  (void)argv;
#ifndef pthread_create
  return ((int*)(&pthread_create))[argc];
#else
  (void)argc;
  return 0;
#endif
}

Determining if the function pthread_create exists in the pthreads failed with the following output:
Change Dir: /home/erle/ros2_ws/build/rttest/CMakeFiles/CMakeTmp

Run Build Command:"/usr/bin/make" "cmTryCompileExec2498859589/fast"
/usr/bin/make -f CMakeFiles/cmTryCompileExec2498859589.dir/build.make CMakeFiles/cmTryCompileExec2498859589.dir/build
make[1]: Entering directory '/home/erle/ros2_ws/build/rttest/CMakeFiles/CMakeTmp'
/usr/bin/cmake -E cmake_progress_report /home/erle/ros2_ws/build/rttest/CMakeFiles/CMakeTmp/CMakeFiles 1
Building C object CMakeFiles/cmTryCompileExec2498859589.dir/CheckFunctionExists.c.o
/usr/bin/cc   -DCHECK_FUNCTION_EXISTS=pthread_create   -o CMakeFiles/cmTryCompileExec2498859589.dir/CheckFunctionExists.c.o   -c /usr/share/cmake-3.0/Modules/CheckFunctionExists.c
Linking C executable cmTryCompileExec2498859589
/usr/bin/cmake -E cmake_link_script CMakeFiles/cmTryCompileExec2498859589.dir/link.txt --verbose=1
/usr/bin/cc   -DCHECK_FUNCTION_EXISTS=pthread_create    CMakeFiles/cmTryCompileExec2498859589.dir/CheckFunctionExists.c.o  -o cmTryCompileExec2498859589 -rdynamic -lpthreads 
/usr/bin/ld: cannot find -lpthreads
collect2: error: ld returned 1 exit status
CMakeFiles/cmTryCompileExec2498859589.dir/build.make:88: recipe for target 'cmTryCompileExec2498859589' failed
make[1]: Leaving directory '/home/erle/ros2_ws/build/rttest/CMakeFiles/CMakeTmp'
make[1]: *** [cmTryCompileExec2498859589] Error 1
Makefile:118: recipe for target 'cmTryCompileExec2498859589/fast' failed
make: *** [cmTryCompileExec2498859589/fast] Error 2


