Determining if the pthread_create exist failed with the following output:
Change Dir: /home/erle/ros2_ws/build/ament_index_cpp/CMakeFiles/CMakeTmp

Run Build Command:"/usr/bin/make" "cmTryCompileExec151382234/fast"
/usr/bin/make -f CMakeFiles/cmTryCompileExec151382234.dir/build.make CMakeFiles/cmTryCompileExec151382234.dir/build
make[1]: Entering directory '/home/erle/ros2_ws/build/ament_index_cpp/CMakeFiles/CMakeTmp'
/usr/bin/cmake -E cmake_progress_report /home/erle/ros2_ws/build/ament_index_cpp/CMakeFiles/CMakeTmp/CMakeFiles 1
Building C object CMakeFiles/cmTryCompileExec151382234.dir/CheckSymbolExists.c.o
/usr/bin/cc    -o CMakeFiles/cmTryCompileExec151382234.dir/CheckSymbolExists.c.o   -c /home/erle/ros2_ws/build/ament_index_cpp/CMakeFiles/CMakeTmp/CheckSymbolExists.c
Linking C executable cmTryCompileExec151382234
/usr/bin/cmake -E cmake_link_script CMakeFiles/cmTryCompileExec151382234.dir/link.txt --verbose=1
/usr/bin/cc       CMakeFiles/cmTryCompileExec151382234.dir/CheckSymbolExists.c.o  -o cmTryCompileExec151382234 -rdynamic 
CMakeFiles/cmTryCompileExec151382234.dir/CheckSymbolExists.c.o: In function `main':
CheckSymbolExists.c:(.text+0x38): undefined reference to `pthread_create'
collect2: error: ld returned 1 exit status
CMakeFiles/cmTryCompileExec151382234.dir/build.make:88: recipe for target 'cmTryCompileExec151382234' failed
make[1]: *** [cmTryCompileExec151382234] Error 1
make[1]: Leaving directory '/home/erle/ros2_ws/build/ament_index_cpp/CMakeFiles/CMakeTmp'
Makefile:118: recipe for target 'cmTryCompileExec151382234/fast' failed
make: *** [cmTryCompileExec151382234/fast] Error 2

File /home/erle/ros2_ws/build/ament_index_cpp/CMakeFiles/CMakeTmp/CheckSymbolExists.c:
/* */
#include <pthread.h>

int main(int argc, char** argv)
{
  (void)argv;
#ifndef pthread_create
  return ((int*)(&pthread_create))[argc];
#else
  (void)argc;
  return 0;
#endif
}

Determining if the function pthread_create exists in the pthreads failed with the following output:
Change Dir: /home/erle/ros2_ws/build/ament_index_cpp/CMakeFiles/CMakeTmp

Run Build Command:"/usr/bin/make" "cmTryCompileExec890881115/fast"
/usr/bin/make -f CMakeFiles/cmTryCompileExec890881115.dir/build.make CMakeFiles/cmTryCompileExec890881115.dir/build
make[1]: Entering directory '/home/erle/ros2_ws/build/ament_index_cpp/CMakeFiles/CMakeTmp'
/usr/bin/cmake -E cmake_progress_report /home/erle/ros2_ws/build/ament_index_cpp/CMakeFiles/CMakeTmp/CMakeFiles 1
Building C object CMakeFiles/cmTryCompileExec890881115.dir/CheckFunctionExists.c.o
/usr/bin/cc   -DCHECK_FUNCTION_EXISTS=pthread_create   -o CMakeFiles/cmTryCompileExec890881115.dir/CheckFunctionExists.c.o   -c /usr/share/cmake-3.0/Modules/CheckFunctionExists.c
Linking C executable cmTryCompileExec890881115
/usr/bin/cmake -E cmake_link_script CMakeFiles/cmTryCompileExec890881115.dir/link.txt --verbose=1
/usr/bin/cc   -DCHECK_FUNCTION_EXISTS=pthread_create    CMakeFiles/cmTryCompileExec890881115.dir/CheckFunctionExists.c.o  -o cmTryCompileExec890881115 -rdynamic -lpthreads 
/usr/bin/ld: cannot find -lpthreads
collect2: error: ld returned 1 exit status
CMakeFiles/cmTryCompileExec890881115.dir/build.make:88: recipe for target 'cmTryCompileExec890881115' failed
make[1]: Leaving directory '/home/erle/ros2_ws/build/ament_index_cpp/CMakeFiles/CMakeTmp'
make[1]: *** [cmTryCompileExec890881115] Error 1
Makefile:118: recipe for target 'cmTryCompileExec890881115/fast' failed
make: *** [cmTryCompileExec890881115/fast] Error 2


