Determining if the pthread_create exist failed with the following output:
Change Dir: /home/erle/ros2_ws/build/rclcpp/CMakeFiles/CMakeTmp

Run Build Command:"/usr/bin/make" "cmTryCompileExec1180136980/fast"
/usr/bin/make -f CMakeFiles/cmTryCompileExec1180136980.dir/build.make CMakeFiles/cmTryCompileExec1180136980.dir/build
make[1]: Entering directory '/home/erle/ros2_ws/build/rclcpp/CMakeFiles/CMakeTmp'
/usr/bin/cmake -E cmake_progress_report /home/erle/ros2_ws/build/rclcpp/CMakeFiles/CMakeTmp/CMakeFiles 1
Building C object CMakeFiles/cmTryCompileExec1180136980.dir/CheckSymbolExists.c.o
/usr/bin/cc    -o CMakeFiles/cmTryCompileExec1180136980.dir/CheckSymbolExists.c.o   -c /home/erle/ros2_ws/build/rclcpp/CMakeFiles/CMakeTmp/CheckSymbolExists.c
Linking C executable cmTryCompileExec1180136980
/usr/bin/cmake -E cmake_link_script CMakeFiles/cmTryCompileExec1180136980.dir/link.txt --verbose=1
/usr/bin/cc       CMakeFiles/cmTryCompileExec1180136980.dir/CheckSymbolExists.c.o  -o cmTryCompileExec1180136980 -rdynamic 
CMakeFiles/cmTryCompileExec1180136980.dir/CheckSymbolExists.c.o: In function `main':
CheckSymbolExists.c:(.text+0x38): undefined reference to `pthread_create'
collect2: error: ld returned 1 exit status
CMakeFiles/cmTryCompileExec1180136980.dir/build.make:88: recipe for target 'cmTryCompileExec1180136980' failed
make[1]: *** [cmTryCompileExec1180136980] Error 1
make[1]: Leaving directory '/home/erle/ros2_ws/build/rclcpp/CMakeFiles/CMakeTmp'
Makefile:118: recipe for target 'cmTryCompileExec1180136980/fast' failed
make: *** [cmTryCompileExec1180136980/fast] Error 2

File /home/erle/ros2_ws/build/rclcpp/CMakeFiles/CMakeTmp/CheckSymbolExists.c:
/* */
#include <pthread.h>

int main(int argc, char** argv)
{
  (void)argv;
#ifndef pthread_create
  return ((int*)(&pthread_create))[argc];
#else
  (void)argc;
  return 0;
#endif
}

Determining if the function pthread_create exists in the pthreads failed with the following output:
Change Dir: /home/erle/ros2_ws/build/rclcpp/CMakeFiles/CMakeTmp

Run Build Command:"/usr/bin/make" "cmTryCompileExec2294562111/fast"
/usr/bin/make -f CMakeFiles/cmTryCompileExec2294562111.dir/build.make CMakeFiles/cmTryCompileExec2294562111.dir/build
make[1]: Entering directory '/home/erle/ros2_ws/build/rclcpp/CMakeFiles/CMakeTmp'
/usr/bin/cmake -E cmake_progress_report /home/erle/ros2_ws/build/rclcpp/CMakeFiles/CMakeTmp/CMakeFiles 1
Building C object CMakeFiles/cmTryCompileExec2294562111.dir/CheckFunctionExists.c.o
/usr/bin/cc   -DCHECK_FUNCTION_EXISTS=pthread_create   -o CMakeFiles/cmTryCompileExec2294562111.dir/CheckFunctionExists.c.o   -c /usr/share/cmake-3.0/Modules/CheckFunctionExists.c
Linking C executable cmTryCompileExec2294562111
/usr/bin/cmake -E cmake_link_script CMakeFiles/cmTryCompileExec2294562111.dir/link.txt --verbose=1
/usr/bin/cc   -DCHECK_FUNCTION_EXISTS=pthread_create    CMakeFiles/cmTryCompileExec2294562111.dir/CheckFunctionExists.c.o  -o cmTryCompileExec2294562111 -rdynamic -lpthreads 
/usr/bin/ld: cannot find -lpthreads
collect2: error: ld returned 1 exit status
CMakeFiles/cmTryCompileExec2294562111.dir/build.make:88: recipe for target 'cmTryCompileExec2294562111' failed
make[1]: Leaving directory '/home/erle/ros2_ws/build/rclcpp/CMakeFiles/CMakeTmp'
make[1]: *** [cmTryCompileExec2294562111] Error 1
Makefile:118: recipe for target 'cmTryCompileExec2294562111/fast' failed
make: *** [cmTryCompileExec2294562111/fast] Error 2


